CRITICAL - 2022-03-01 06:15:14 --> Undefined variable $password
#0 E:\xampp\htdocs\app_cafe_desi\app\Controllers\usercontroller.php(63): CodeIgniter\Debug\Exceptions->errorHandler(2, 'Undefined varia...', 'E:\\xampp\\htdocs...', 63)
#1 E:\xampp\htdocs\app_cafe_desi\system\CodeIgniter.php(825): App\Controllers\usercontroller->login()
#2 E:\xampp\htdocs\app_cafe_desi\system\CodeIgniter.php(412): CodeIgniter\CodeIgniter->runController(Object(App\Controllers\usercontroller))
#3 E:\xampp\htdocs\app_cafe_desi\system\CodeIgniter.php(320): CodeIgniter\CodeIgniter->handleRequest(NULL, Object(Config\Cache), false)
#4 E:\xampp\htdocs\app_cafe_desi\public\index.php(37): CodeIgniter\CodeIgniter->run()
#5 {main}
CRITICAL - 2022-03-01 06:16:00 --> Undefined variable $password
#0 E:\xampp\htdocs\app_cafe_desi\app\Controllers\usercontroller.php(63): CodeIgniter\Debug\Exceptions->errorHandler(2, 'Undefined varia...', 'E:\\xampp\\htdocs...', 63)
#1 E:\xampp\htdocs\app_cafe_desi\system\CodeIgniter.php(825): App\Controllers\usercontroller->login()
#2 E:\xampp\htdocs\app_cafe_desi\system\CodeIgniter.php(412): CodeIgniter\CodeIgniter->runController(Object(App\Controllers\usercontroller))
#3 E:\xampp\htdocs\app_cafe_desi\system\CodeIgniter.php(320): CodeIgniter\CodeIgniter->handleRequest(NULL, Object(Config\Cache), false)
#4 E:\xampp\htdocs\app_cafe_desi\public\index.php(37): CodeIgniter\CodeIgniter->run()
#5 {main}
CRITICAL - 2022-03-01 06:16:38 --> Undefined array key "jenis"
#0 E:\xampp\htdocs\app_cafe_desi\app\Controllers\usercontroller.php(72): CodeIgniter\Debug\Exceptions->errorHandler(2, 'Undefined array...', 'E:\\xampp\\htdocs...', 72)
#1 E:\xampp\htdocs\app_cafe_desi\system\CodeIgniter.php(825): App\Controllers\usercontroller->login()
#2 E:\xampp\htdocs\app_cafe_desi\system\CodeIgniter.php(412): CodeIgniter\CodeIgniter->runController(Object(App\Controllers\usercontroller))
#3 E:\xampp\htdocs\app_cafe_desi\system\CodeIgniter.php(320): CodeIgniter\CodeIgniter->handleRequest(NULL, Object(Config\Cache), false)
#4 E:\xampp\htdocs\app_cafe_desi\public\index.php(37): CodeIgniter\CodeIgniter->run()
#5 {main}
CRITICAL - 2022-03-01 06:16:56 --> Could not check compatibility between App\Filters\Auth::after(CodeIgniter\HTTP\RequestInterface $request, App\Filters\ResponInterface $response, $arguments = null) and CodeIgniter\Filters\FilterInterface::after(CodeIgniter\HTTP\RequestInterface $request, CodeIgniter\HTTP\ResponseInterface $response, $arguments = null), because class App\Filters\ResponInterface is not available
#0 [internal function]: CodeIgniter\Debug\Exceptions->shutdownHandler()
#1 {main}
CRITICAL - 2022-03-01 06:17:12 --> Could not check compatibility between App\Filters\Auth::after(CodeIgniter\HTTP\RequestInterface $request, App\Filters\ResponInterface $response, $arguments = null) and CodeIgniter\Filters\FilterInterface::after(CodeIgniter\HTTP\RequestInterface $request, CodeIgniter\HTTP\ResponseInterface $response, $arguments = null), because class App\Filters\ResponInterface is not available
#0 [internal function]: CodeIgniter\Debug\Exceptions->shutdownHandler()
#1 {main}
CRITICAL - 2022-03-01 06:17:44 --> Could not check compatibility between App\Filters\Auth::after(CodeIgniter\HTTP\RequestInterface $request, App\Filters\ResponseInterface $response, $arguments = null) and CodeIgniter\Filters\FilterInterface::after(CodeIgniter\HTTP\RequestInterface $request, CodeIgniter\HTTP\ResponseInterface $response, $arguments = null), because class App\Filters\ResponseInterface is not available
#0 [internal function]: CodeIgniter\Debug\Exceptions->shutdownHandler()
#1 {main}
CRITICAL - 2022-03-01 06:17:47 --> Could not check compatibility between App\Filters\Auth::after(CodeIgniter\HTTP\RequestInterface $request, App\Filters\ResponseInterface $response, $arguments = null) and CodeIgniter\Filters\FilterInterface::after(CodeIgniter\HTTP\RequestInterface $request, CodeIgniter\HTTP\ResponseInterface $response, $arguments = null), because class App\Filters\ResponseInterface is not available
#0 [internal function]: CodeIgniter\Debug\Exceptions->shutdownHandler()
#1 {main}
CRITICAL - 2022-03-01 06:17:49 --> Could not check compatibility between App\Filters\Auth::after(CodeIgniter\HTTP\RequestInterface $request, App\Filters\ResponseInterface $response, $arguments = null) and CodeIgniter\Filters\FilterInterface::after(CodeIgniter\HTTP\RequestInterface $request, CodeIgniter\HTTP\ResponseInterface $response, $arguments = null), because class App\Filters\ResponseInterface is not available
#0 [internal function]: CodeIgniter\Debug\Exceptions->shutdownHandler()
#1 {main}
CRITICAL - 2022-03-01 06:17:49 --> Could not check compatibility between App\Filters\Auth::after(CodeIgniter\HTTP\RequestInterface $request, App\Filters\ResponseInterface $response, $arguments = null) and CodeIgniter\Filters\FilterInterface::after(CodeIgniter\HTTP\RequestInterface $request, CodeIgniter\HTTP\ResponseInterface $response, $arguments = null), because class App\Filters\ResponseInterface is not available
#0 [internal function]: CodeIgniter\Debug\Exceptions->shutdownHandler()
#1 {main}
CRITICAL - 2022-03-01 06:17:50 --> Could not check compatibility between App\Filters\Auth::after(CodeIgniter\HTTP\RequestInterface $request, App\Filters\ResponseInterface $response, $arguments = null) and CodeIgniter\Filters\FilterInterface::after(CodeIgniter\HTTP\RequestInterface $request, CodeIgniter\HTTP\ResponseInterface $response, $arguments = null), because class App\Filters\ResponseInterface is not available
#0 [internal function]: CodeIgniter\Debug\Exceptions->shutdownHandler()
#1 {main}
CRITICAL - 2022-03-01 06:17:51 --> Could not check compatibility between App\Filters\Auth::after(CodeIgniter\HTTP\RequestInterface $request, App\Filters\ResponseInterface $response, $arguments = null) and CodeIgniter\Filters\FilterInterface::after(CodeIgniter\HTTP\RequestInterface $request, CodeIgniter\HTTP\ResponseInterface $response, $arguments = null), because class App\Filters\ResponseInterface is not available
#0 [internal function]: CodeIgniter\Debug\Exceptions->shutdownHandler()
#1 {main}
CRITICAL - 2022-03-01 22:09:28 --> Class "App\Controllers\detailpesananModel" not found
#0 E:\xampp\htdocs\app_cafe_desi\system\CodeIgniter.php(802): App\Controllers\LaporanController->__construct()
#1 E:\xampp\htdocs\app_cafe_desi\system\CodeIgniter.php(403): CodeIgniter\CodeIgniter->createController()
#2 E:\xampp\htdocs\app_cafe_desi\system\CodeIgniter.php(320): CodeIgniter\CodeIgniter->handleRequest(NULL, Object(Config\Cache), false)
#3 E:\xampp\htdocs\app_cafe_desi\public\index.php(37): CodeIgniter\CodeIgniter->run()
#4 {main}
CRITICAL - 2022-03-01 22:10:09 --> Undefined property: App\Controllers\LaporanController::$pesanan
#0 E:\xampp\htdocs\app_cafe_desi\app\Controllers\LaporanController.php(16): CodeIgniter\Debug\Exceptions->errorHandler(2, 'Undefined prope...', 'E:\\xampp\\htdocs...', 16)
#1 E:\xampp\htdocs\app_cafe_desi\system\CodeIgniter.php(825): App\Controllers\LaporanController->tampil()
#2 E:\xampp\htdocs\app_cafe_desi\system\CodeIgniter.php(412): CodeIgniter\CodeIgniter->runController(Object(App\Controllers\LaporanController))
#3 E:\xampp\htdocs\app_cafe_desi\system\CodeIgniter.php(320): CodeIgniter\CodeIgniter->handleRequest(NULL, Object(Config\Cache), false)
#4 E:\xampp\htdocs\app_cafe_desi\public\index.php(37): CodeIgniter\CodeIgniter->run()
#5 {main}
CRITICAL - 2022-03-01 22:11:08 --> Undefined property: App\Controllers\LaporanController::$Pesanan
#0 E:\xampp\htdocs\app_cafe_desi\app\Controllers\LaporanController.php(16): CodeIgniter\Debug\Exceptions->errorHandler(2, 'Undefined prope...', 'E:\\xampp\\htdocs...', 16)
#1 E:\xampp\htdocs\app_cafe_desi\system\CodeIgniter.php(825): App\Controllers\LaporanController->tampil()
#2 E:\xampp\htdocs\app_cafe_desi\system\CodeIgniter.php(412): CodeIgniter\CodeIgniter->runController(Object(App\Controllers\LaporanController))
#3 E:\xampp\htdocs\app_cafe_desi\system\CodeIgniter.php(320): CodeIgniter\CodeIgniter->handleRequest(NULL, Object(Config\Cache), false)
#4 E:\xampp\htdocs\app_cafe_desi\public\index.php(37): CodeIgniter\CodeIgniter->run()
#5 {main}
CRITICAL - 2022-03-01 22:11:13 --> Undefined property: App\Controllers\LaporanController::$Pesanans
#0 E:\xampp\htdocs\app_cafe_desi\app\Controllers\LaporanController.php(16): CodeIgniter\Debug\Exceptions->errorHandler(2, 'Undefined prope...', 'E:\\xampp\\htdocs...', 16)
#1 E:\xampp\htdocs\app_cafe_desi\system\CodeIgniter.php(825): App\Controllers\LaporanController->tampil()
#2 E:\xampp\htdocs\app_cafe_desi\system\CodeIgniter.php(412): CodeIgniter\CodeIgniter->runController(Object(App\Controllers\LaporanController))
#3 E:\xampp\htdocs\app_cafe_desi\system\CodeIgniter.php(320): CodeIgniter\CodeIgniter->handleRequest(NULL, Object(Config\Cache), false)
#4 E:\xampp\htdocs\app_cafe_desi\public\index.php(37): CodeIgniter\CodeIgniter->run()
#5 {main}
CRITICAL - 2022-03-01 22:15:13 --> Deletes are not allowed unless they contain a "where" or "like" clause.
#0 E:\xampp\htdocs\app_cafe_desi\system\Model.php(359): CodeIgniter\Database\BaseBuilder->delete()
#1 E:\xampp\htdocs\app_cafe_desi\system\BaseModel.php(963): CodeIgniter\Model->doDelete('0', false)
#2 E:\xampp\htdocs\app_cafe_desi\app\Controllers\menucontroller.php(38): CodeIgniter\BaseModel->delete('0')
#3 E:\xampp\htdocs\app_cafe_desi\system\CodeIgniter.php(825): App\Controllers\menucontroller->delete('0')
#4 E:\xampp\htdocs\app_cafe_desi\system\CodeIgniter.php(412): CodeIgniter\CodeIgniter->runController(Object(App\Controllers\menucontroller))
#5 E:\xampp\htdocs\app_cafe_desi\system\CodeIgniter.php(320): CodeIgniter\CodeIgniter->handleRequest(NULL, Object(Config\Cache), false)
#6 E:\xampp\htdocs\app_cafe_desi\public\index.php(37): CodeIgniter\CodeIgniter->run()
#7 {main}
CRITICAL - 2022-03-01 22:17:29 --> Deletes are not allowed unless they contain a "where" or "like" clause.
#0 E:\xampp\htdocs\app_cafe_desi\system\Model.php(359): CodeIgniter\Database\BaseBuilder->delete()
#1 E:\xampp\htdocs\app_cafe_desi\system\BaseModel.php(963): CodeIgniter\Model->doDelete('0', false)
#2 E:\xampp\htdocs\app_cafe_desi\app\Controllers\menucontroller.php(38): CodeIgniter\BaseModel->delete('0')
#3 E:\xampp\htdocs\app_cafe_desi\system\CodeIgniter.php(825): App\Controllers\menucontroller->delete('0')
#4 E:\xampp\htdocs\app_cafe_desi\system\CodeIgniter.php(412): CodeIgniter\CodeIgniter->runController(Object(App\Controllers\menucontroller))
#5 E:\xampp\htdocs\app_cafe_desi\system\CodeIgniter.php(320): CodeIgniter\CodeIgniter->handleRequest(NULL, Object(Config\Cache), false)
#6 E:\xampp\htdocs\app_cafe_desi\public\index.php(37): CodeIgniter\CodeIgniter->run()
#7 {main}
