ERROR - 2022-02-01 00:02:33 --> Error connecting to the database: Access denied for user ''@'localhost' (using password: NO)
CRITICAL - 2022-02-01 00:02:33 --> Unable to connect to the database.
Main connection [MySQLi]: Access denied for user ''@'localhost' (using password: NO)
#0 E:\xampp\htdocs\app_caffe_desipa\system\Database\BaseConnection.php(577): CodeIgniter\Database\BaseConnection->initialize()
#1 E:\xampp\htdocs\app_caffe_desipa\system\Database\BaseBuilder.php(1455): CodeIgniter\Database\BaseConnection->query('SELECT *\nFROM `...', Array, false)
#2 E:\xampp\htdocs\app_caffe_desipa\system\Model.php(183): CodeIgniter\Database\BaseBuilder->get()
#3 E:\xampp\htdocs\app_caffe_desipa\system\BaseModel.php(584): CodeIgniter\Model->doFindAll(0, 0)
#4 E:\xampp\htdocs\app_caffe_desipa\app\Controllers\MenuController.php(13): CodeIgniter\BaseModel->findAll()
#5 E:\xampp\htdocs\app_caffe_desipa\system\CodeIgniter.php(825): App\controllers\MenuController->tampil()
#6 E:\xampp\htdocs\app_caffe_desipa\system\CodeIgniter.php(412): CodeIgniter\CodeIgniter->runController(Object(App\controllers\MenuController))
#7 E:\xampp\htdocs\app_caffe_desipa\system\CodeIgniter.php(320): CodeIgniter\CodeIgniter->handleRequest(NULL, Object(Config\Cache), false)
#8 E:\xampp\htdocs\app_caffe_desipa\public\index.php(37): CodeIgniter\CodeIgniter->run()
#9 {main}
ERROR - 2022-02-01 00:03:26 --> Error connecting to the database: Access denied for user ''@'localhost' (using password: NO)
CRITICAL - 2022-02-01 00:03:26 --> Unable to connect to the database.
Main connection [MySQLi]: Access denied for user ''@'localhost' (using password: NO)
#0 E:\xampp\htdocs\app_caffe_desipa\system\Database\BaseConnection.php(577): CodeIgniter\Database\BaseConnection->initialize()
#1 E:\xampp\htdocs\app_caffe_desipa\system\Database\BaseBuilder.php(1455): CodeIgniter\Database\BaseConnection->query('SELECT *\nFROM `...', Array, false)
#2 E:\xampp\htdocs\app_caffe_desipa\system\Model.php(183): CodeIgniter\Database\BaseBuilder->get()
#3 E:\xampp\htdocs\app_caffe_desipa\system\BaseModel.php(584): CodeIgniter\Model->doFindAll(0, 0)
#4 E:\xampp\htdocs\app_caffe_desipa\app\Controllers\MenuController.php(13): CodeIgniter\BaseModel->findAll()
#5 E:\xampp\htdocs\app_caffe_desipa\system\CodeIgniter.php(825): App\controllers\MenuController->tampil()
#6 E:\xampp\htdocs\app_caffe_desipa\system\CodeIgniter.php(412): CodeIgniter\CodeIgniter->runController(Object(App\controllers\MenuController))
#7 E:\xampp\htdocs\app_caffe_desipa\system\CodeIgniter.php(320): CodeIgniter\CodeIgniter->handleRequest(NULL, Object(Config\Cache), false)
#8 E:\xampp\htdocs\app_caffe_desipa\public\index.php(37): CodeIgniter\CodeIgniter->run()
#9 {main}
ERROR - 2022-02-01 00:03:59 --> Error connecting to the database: Access denied for user '****'@'localhost' (using password: YES)
CRITICAL - 2022-02-01 00:03:59 --> Unable to connect to the database.
Main connection [MySQLi]: Access denied for user '****'@'localhost' (using password: YES)
#0 E:\xampp\htdocs\app_caffe_desipa\system\Database\BaseConnection.php(577): CodeIgniter\Database\BaseConnection->initialize()
#1 E:\xampp\htdocs\app_caffe_desipa\system\Database\BaseBuilder.php(1455): CodeIgniter\Database\BaseConnection->query('SELECT *\nFROM `...', Array, false)
#2 E:\xampp\htdocs\app_caffe_desipa\system\Model.php(183): CodeIgniter\Database\BaseBuilder->get()
#3 E:\xampp\htdocs\app_caffe_desipa\system\BaseModel.php(584): CodeIgniter\Model->doFindAll(0, 0)
#4 E:\xampp\htdocs\app_caffe_desipa\app\Controllers\MenuController.php(13): CodeIgniter\BaseModel->findAll()
#5 E:\xampp\htdocs\app_caffe_desipa\system\CodeIgniter.php(825): App\controllers\MenuController->tampil()
#6 E:\xampp\htdocs\app_caffe_desipa\system\CodeIgniter.php(412): CodeIgniter\CodeIgniter->runController(Object(App\controllers\MenuController))
#7 E:\xampp\htdocs\app_caffe_desipa\system\CodeIgniter.php(320): CodeIgniter\CodeIgniter->handleRequest(NULL, Object(Config\Cache), false)
#8 E:\xampp\htdocs\app_caffe_desipa\public\index.php(37): CodeIgniter\CodeIgniter->run()
#9 {main}
ERROR - 2022-02-01 00:04:47 --> Error connecting to the database: Access denied for user '****'@'localhost' (using password: YES)
CRITICAL - 2022-02-01 00:04:47 --> Unable to connect to the database.
Main connection [MySQLi]: Access denied for user '****'@'localhost' (using password: YES)
#0 E:\xampp\htdocs\app_caffe_desipa\system\Database\BaseConnection.php(577): CodeIgniter\Database\BaseConnection->initialize()
#1 E:\xampp\htdocs\app_caffe_desipa\system\Database\BaseBuilder.php(1455): CodeIgniter\Database\BaseConnection->query('SELECT *\nFROM `...', Array, false)
#2 E:\xampp\htdocs\app_caffe_desipa\system\Model.php(183): CodeIgniter\Database\BaseBuilder->get()
#3 E:\xampp\htdocs\app_caffe_desipa\system\BaseModel.php(584): CodeIgniter\Model->doFindAll(0, 0)
#4 E:\xampp\htdocs\app_caffe_desipa\app\Controllers\MenuController.php(13): CodeIgniter\BaseModel->findAll()
#5 E:\xampp\htdocs\app_caffe_desipa\system\CodeIgniter.php(825): App\controllers\MenuController->tampil()
#6 E:\xampp\htdocs\app_caffe_desipa\system\CodeIgniter.php(412): CodeIgniter\CodeIgniter->runController(Object(App\controllers\MenuController))
#7 E:\xampp\htdocs\app_caffe_desipa\system\CodeIgniter.php(320): CodeIgniter\CodeIgniter->handleRequest(NULL, Object(Config\Cache), false)
#8 E:\xampp\htdocs\app_caffe_desipa\public\index.php(37): CodeIgniter\CodeIgniter->run()
#9 {main}
ERROR - 2022-02-01 00:06:39 --> Error connecting to the database: Access denied for user '****'@'localhost' (using password: YES)
CRITICAL - 2022-02-01 00:06:39 --> Unable to connect to the database.
Main connection [MySQLi]: Access denied for user '****'@'localhost' (using password: YES)
#0 E:\xampp\htdocs\app_caffe_desipa\system\Database\BaseConnection.php(577): CodeIgniter\Database\BaseConnection->initialize()
#1 E:\xampp\htdocs\app_caffe_desipa\system\Database\BaseBuilder.php(1455): CodeIgniter\Database\BaseConnection->query('SELECT *\nFROM `...', Array, false)
#2 E:\xampp\htdocs\app_caffe_desipa\system\Model.php(183): CodeIgniter\Database\BaseBuilder->get()
#3 E:\xampp\htdocs\app_caffe_desipa\system\BaseModel.php(584): CodeIgniter\Model->doFindAll(0, 0)
#4 E:\xampp\htdocs\app_caffe_desipa\app\Controllers\MenuController.php(13): CodeIgniter\BaseModel->findAll()
#5 E:\xampp\htdocs\app_caffe_desipa\system\CodeIgniter.php(825): App\controllers\MenuController->tampil()
#6 E:\xampp\htdocs\app_caffe_desipa\system\CodeIgniter.php(412): CodeIgniter\CodeIgniter->runController(Object(App\controllers\MenuController))
#7 E:\xampp\htdocs\app_caffe_desipa\system\CodeIgniter.php(320): CodeIgniter\CodeIgniter->handleRequest(NULL, Object(Config\Cache), false)
#8 E:\xampp\htdocs\app_caffe_desipa\public\index.php(37): CodeIgniter\CodeIgniter->run()
#9 {main}
ERROR - 2022-02-01 00:07:50 --> Error connecting to the database: Access denied for user '****'@'localhost' (using password: YES)
CRITICAL - 2022-02-01 00:07:50 --> Unable to connect to the database.
Main connection [MySQLi]: Access denied for user '****'@'localhost' (using password: YES)
#0 E:\xampp\htdocs\app_caffe_desipa\system\Database\BaseConnection.php(577): CodeIgniter\Database\BaseConnection->initialize()
#1 E:\xampp\htdocs\app_caffe_desipa\system\Database\BaseBuilder.php(1455): CodeIgniter\Database\BaseConnection->query('SELECT *\nFROM `...', Array, false)
#2 E:\xampp\htdocs\app_caffe_desipa\system\Model.php(183): CodeIgniter\Database\BaseBuilder->get()
#3 E:\xampp\htdocs\app_caffe_desipa\system\BaseModel.php(584): CodeIgniter\Model->doFindAll(0, 0)
#4 E:\xampp\htdocs\app_caffe_desipa\app\Controllers\MenuController.php(13): CodeIgniter\BaseModel->findAll()
#5 E:\xampp\htdocs\app_caffe_desipa\system\CodeIgniter.php(825): App\controllers\MenuController->tampil()
#6 E:\xampp\htdocs\app_caffe_desipa\system\CodeIgniter.php(412): CodeIgniter\CodeIgniter->runController(Object(App\controllers\MenuController))
#7 E:\xampp\htdocs\app_caffe_desipa\system\CodeIgniter.php(320): CodeIgniter\CodeIgniter->handleRequest(NULL, Object(Config\Cache), false)
#8 E:\xampp\htdocs\app_caffe_desipa\public\index.php(37): CodeIgniter\CodeIgniter->run()
#9 {main}
CRITICAL - 2022-02-01 00:08:28 --> Undefined variable $Pesanan
#0 E:\xampp\htdocs\app_caffe_desipa\app\Controllers\PesananController.php(13): CodeIgniter\Debug\Exceptions->errorHandler(2, 'Undefined varia...', 'E:\\xampp\\htdocs...', 13)
#1 E:\xampp\htdocs\app_caffe_desipa\system\CodeIgniter.php(825): App\controllers\PesananController->tampil()
#2 E:\xampp\htdocs\app_caffe_desipa\system\CodeIgniter.php(412): CodeIgniter\CodeIgniter->runController(Object(App\controllers\PesananController))
#3 E:\xampp\htdocs\app_caffe_desipa\system\CodeIgniter.php(320): CodeIgniter\CodeIgniter->handleRequest(NULL, Object(Config\Cache), false)
#4 E:\xampp\htdocs\app_caffe_desipa\public\index.php(37): CodeIgniter\CodeIgniter->run()
#5 {main}
CRITICAL - 2022-02-01 00:08:35 --> Undefined variable $Pesanan
#0 E:\xampp\htdocs\app_caffe_desipa\app\Controllers\PesananController.php(13): CodeIgniter\Debug\Exceptions->errorHandler(2, 'Undefined varia...', 'E:\\xampp\\htdocs...', 13)
#1 E:\xampp\htdocs\app_caffe_desipa\system\CodeIgniter.php(825): App\controllers\PesananController->tampil()
#2 E:\xampp\htdocs\app_caffe_desipa\system\CodeIgniter.php(412): CodeIgniter\CodeIgniter->runController(Object(App\controllers\PesananController))
#3 E:\xampp\htdocs\app_caffe_desipa\system\CodeIgniter.php(320): CodeIgniter\CodeIgniter->handleRequest(NULL, Object(Config\Cache), false)
#4 E:\xampp\htdocs\app_caffe_desipa\public\index.php(37): CodeIgniter\CodeIgniter->run()
#5 {main}
CRITICAL - 2022-02-01 00:09:15 --> Undefined variable $Pesanan
#0 E:\xampp\htdocs\app_caffe_desipa\app\Controllers\PesananController.php(13): CodeIgniter\Debug\Exceptions->errorHandler(2, 'Undefined varia...', 'E:\\xampp\\htdocs...', 13)
#1 E:\xampp\htdocs\app_caffe_desipa\system\CodeIgniter.php(825): App\controllers\PesananController->tampil()
#2 E:\xampp\htdocs\app_caffe_desipa\system\CodeIgniter.php(412): CodeIgniter\CodeIgniter->runController(Object(App\controllers\PesananController))
#3 E:\xampp\htdocs\app_caffe_desipa\system\CodeIgniter.php(320): CodeIgniter\CodeIgniter->handleRequest(NULL, Object(Config\Cache), false)
#4 E:\xampp\htdocs\app_caffe_desipa\public\index.php(37): CodeIgniter\CodeIgniter->run()
#5 {main}
CRITICAL - 2022-02-01 01:33:04 --> Undefined array key "tanggal"
#0 E:\xampp\htdocs\app_caffe_desipa\app\Views\pesananlist.php(23): CodeIgniter\Debug\Exceptions->errorHandler(2, 'Undefined array...', 'E:\\xampp\\htdocs...', 23)
#1 E:\xampp\htdocs\app_caffe_desipa\system\View\View.php(210): include('E:\\xampp\\htdocs...')
#2 E:\xampp\htdocs\app_caffe_desipa\system\View\View.php(213): CodeIgniter\View\View->CodeIgniter\View\{closure}()
#3 E:\xampp\htdocs\app_caffe_desipa\system\Common.php(1089): CodeIgniter\View\View->render('PesananList', Array, true)
#4 E:\xampp\htdocs\app_caffe_desipa\app\Controllers\PesananController.php(14): view('PesananList', Array)
#5 E:\xampp\htdocs\app_caffe_desipa\system\CodeIgniter.php(825): App\controllers\PesananController->tampil()
#6 E:\xampp\htdocs\app_caffe_desipa\system\CodeIgniter.php(412): CodeIgniter\CodeIgniter->runController(Object(App\controllers\PesananController))
#7 E:\xampp\htdocs\app_caffe_desipa\system\CodeIgniter.php(320): CodeIgniter\CodeIgniter->handleRequest(NULL, Object(Config\Cache), false)
#8 E:\xampp\htdocs\app_caffe_desipa\public\index.php(37): CodeIgniter\CodeIgniter->run()
#9 {main}
CRITICAL - 2022-02-01 01:33:10 --> Undefined array key "tanggal"
#0 E:\xampp\htdocs\app_caffe_desipa\app\Views\pesananlist.php(23): CodeIgniter\Debug\Exceptions->errorHandler(2, 'Undefined array...', 'E:\\xampp\\htdocs...', 23)
#1 E:\xampp\htdocs\app_caffe_desipa\system\View\View.php(210): include('E:\\xampp\\htdocs...')
#2 E:\xampp\htdocs\app_caffe_desipa\system\View\View.php(213): CodeIgniter\View\View->CodeIgniter\View\{closure}()
#3 E:\xampp\htdocs\app_caffe_desipa\system\Common.php(1089): CodeIgniter\View\View->render('PesananList', Array, true)
#4 E:\xampp\htdocs\app_caffe_desipa\app\Controllers\PesananController.php(14): view('PesananList', Array)
#5 E:\xampp\htdocs\app_caffe_desipa\system\CodeIgniter.php(825): App\controllers\PesananController->tampil()
#6 E:\xampp\htdocs\app_caffe_desipa\system\CodeIgniter.php(412): CodeIgniter\CodeIgniter->runController(Object(App\controllers\PesananController))
#7 E:\xampp\htdocs\app_caffe_desipa\system\CodeIgniter.php(320): CodeIgniter\CodeIgniter->handleRequest(NULL, Object(Config\Cache), false)
#8 E:\xampp\htdocs\app_caffe_desipa\public\index.php(37): CodeIgniter\CodeIgniter->run()
#9 {main}
