CRITICAL - 2022-02-03 21:38:11 --> Undefined array key "id_pesanan"
#0 E:\xampp\htdocs\app_caffe_desipa\app\Views\detailpesananlist.php(22): CodeIgniter\Debug\Exceptions->errorHandler(2, 'Undefined array...', 'E:\\xampp\\htdocs...', 22)
#1 E:\xampp\htdocs\app_caffe_desipa\system\View\View.php(210): include('E:\\xampp\\htdocs...')
#2 E:\xampp\htdocs\app_caffe_desipa\system\View\View.php(213): CodeIgniter\View\View->CodeIgniter\View\{closure}()
#3 E:\xampp\htdocs\app_caffe_desipa\system\Common.php(1089): CodeIgniter\View\View->render('detailpesananli...', Array, true)
#4 E:\xampp\htdocs\app_caffe_desipa\app\Controllers\detailpesanancontroller.php(14): view('detailpesananli...', Array)
#5 E:\xampp\htdocs\app_caffe_desipa\system\CodeIgniter.php(825): App\Controllers\detailpesanancontroller->tampil()
#6 E:\xampp\htdocs\app_caffe_desipa\system\CodeIgniter.php(412): CodeIgniter\CodeIgniter->runController(Object(App\Controllers\detailpesanancontroller))
#7 E:\xampp\htdocs\app_caffe_desipa\system\CodeIgniter.php(320): CodeIgniter\CodeIgniter->handleRequest(NULL, Object(Config\Cache), false)
#8 E:\xampp\htdocs\app_caffe_desipa\public\index.php(37): CodeIgniter\CodeIgniter->run()
#9 {main}
CRITICAL - 2022-02-03 21:38:15 --> Undefined array key "id_pesanan"
#0 E:\xampp\htdocs\app_caffe_desipa\app\Views\detailpesananlist.php(22): CodeIgniter\Debug\Exceptions->errorHandler(2, 'Undefined array...', 'E:\\xampp\\htdocs...', 22)
#1 E:\xampp\htdocs\app_caffe_desipa\system\View\View.php(210): include('E:\\xampp\\htdocs...')
#2 E:\xampp\htdocs\app_caffe_desipa\system\View\View.php(213): CodeIgniter\View\View->CodeIgniter\View\{closure}()
#3 E:\xampp\htdocs\app_caffe_desipa\system\Common.php(1089): CodeIgniter\View\View->render('detailpesananli...', Array, true)
#4 E:\xampp\htdocs\app_caffe_desipa\app\Controllers\detailpesanancontroller.php(14): view('detailpesananli...', Array)
#5 E:\xampp\htdocs\app_caffe_desipa\system\CodeIgniter.php(825): App\Controllers\detailpesanancontroller->tampil()
#6 E:\xampp\htdocs\app_caffe_desipa\system\CodeIgniter.php(412): CodeIgniter\CodeIgniter->runController(Object(App\Controllers\detailpesanancontroller))
#7 E:\xampp\htdocs\app_caffe_desipa\system\CodeIgniter.php(320): CodeIgniter\CodeIgniter->handleRequest(NULL, Object(Config\Cache), false)
#8 E:\xampp\htdocs\app_caffe_desipa\public\index.php(37): CodeIgniter\CodeIgniter->run()
#9 {main}
