CRITICAL - 2022-02-10 20:56:42 --> Undefined array key "nama"
#0 E:\xampp\htdocs\app_caffe_desipa\app\Views\pesananlist.php(24): CodeIgniter\Debug\Exceptions->errorHandler(2, 'Undefined array...', 'E:\\xampp\\htdocs...', 24)
#1 E:\xampp\htdocs\app_caffe_desipa\system\View\View.php(210): include('E:\\xampp\\htdocs...')
#2 E:\xampp\htdocs\app_caffe_desipa\system\View\View.php(213): CodeIgniter\View\View->CodeIgniter\View\{closure}()
#3 E:\xampp\htdocs\app_caffe_desipa\system\Common.php(1089): CodeIgniter\View\View->render('PesananList', Array, true)
#4 E:\xampp\htdocs\app_caffe_desipa\app\Controllers\PesananController.php(17): view('PesananList', Array)
#5 E:\xampp\htdocs\app_caffe_desipa\system\CodeIgniter.php(825): App\controllers\PesananController->tampil()
#6 E:\xampp\htdocs\app_caffe_desipa\system\CodeIgniter.php(412): CodeIgniter\CodeIgniter->runController(Object(App\controllers\PesananController))
#7 E:\xampp\htdocs\app_caffe_desipa\system\CodeIgniter.php(320): CodeIgniter\CodeIgniter->handleRequest(NULL, Object(Config\Cache), false)
#8 E:\xampp\htdocs\app_caffe_desipa\public\index.php(37): CodeIgniter\CodeIgniter->run()
#9 {main}
CRITICAL - 2022-02-10 21:03:35 --> Undefined array key "nama_menu"
#0 E:\xampp\htdocs\app_caffe_desipa\app\Views\pesananlist.php(24): CodeIgniter\Debug\Exceptions->errorHandler(2, 'Undefined array...', 'E:\\xampp\\htdocs...', 24)
#1 E:\xampp\htdocs\app_caffe_desipa\system\View\View.php(210): include('E:\\xampp\\htdocs...')
#2 E:\xampp\htdocs\app_caffe_desipa\system\View\View.php(213): CodeIgniter\View\View->CodeIgniter\View\{closure}()
#3 E:\xampp\htdocs\app_caffe_desipa\system\Common.php(1089): CodeIgniter\View\View->render('PesananList', Array, true)
#4 E:\xampp\htdocs\app_caffe_desipa\app\Controllers\PesananController.php(17): view('PesananList', Array)
#5 E:\xampp\htdocs\app_caffe_desipa\system\CodeIgniter.php(825): App\controllers\PesananController->tampil()
#6 E:\xampp\htdocs\app_caffe_desipa\system\CodeIgniter.php(412): CodeIgniter\CodeIgniter->runController(Object(App\controllers\PesananController))
#7 E:\xampp\htdocs\app_caffe_desipa\system\CodeIgniter.php(320): CodeIgniter\CodeIgniter->handleRequest(NULL, Object(Config\Cache), false)
#8 E:\xampp\htdocs\app_caffe_desipa\public\index.php(37): CodeIgniter\CodeIgniter->run()
#9 {main}
CRITICAL - 2022-02-10 21:04:42 --> Undefined array key "nama"
#0 E:\xampp\htdocs\app_caffe_desipa\app\Views\pesananlist.php(24): CodeIgniter\Debug\Exceptions->errorHandler(2, 'Undefined array...', 'E:\\xampp\\htdocs...', 24)
#1 E:\xampp\htdocs\app_caffe_desipa\system\View\View.php(210): include('E:\\xampp\\htdocs...')
#2 E:\xampp\htdocs\app_caffe_desipa\system\View\View.php(213): CodeIgniter\View\View->CodeIgniter\View\{closure}()
#3 E:\xampp\htdocs\app_caffe_desipa\system\Common.php(1089): CodeIgniter\View\View->render('PesananList', Array, true)
#4 E:\xampp\htdocs\app_caffe_desipa\app\Controllers\PesananController.php(17): view('PesananList', Array)
#5 E:\xampp\htdocs\app_caffe_desipa\system\CodeIgniter.php(825): App\controllers\PesananController->tampil()
#6 E:\xampp\htdocs\app_caffe_desipa\system\CodeIgniter.php(412): CodeIgniter\CodeIgniter->runController(Object(App\controllers\PesananController))
#7 E:\xampp\htdocs\app_caffe_desipa\system\CodeIgniter.php(320): CodeIgniter\CodeIgniter->handleRequest(NULL, Object(Config\Cache), false)
#8 E:\xampp\htdocs\app_caffe_desipa\public\index.php(37): CodeIgniter\CodeIgniter->run()
#9 {main}
CRITICAL - 2022-02-10 21:18:57 --> Undefined array key "nama"
#0 E:\xampp\htdocs\app_caffe_desipa\app\Views\pesananlist.php(24): CodeIgniter\Debug\Exceptions->errorHandler(2, 'Undefined array...', 'E:\\xampp\\htdocs...', 24)
#1 E:\xampp\htdocs\app_caffe_desipa\system\View\View.php(210): include('E:\\xampp\\htdocs...')
#2 E:\xampp\htdocs\app_caffe_desipa\system\View\View.php(213): CodeIgniter\View\View->CodeIgniter\View\{closure}()
#3 E:\xampp\htdocs\app_caffe_desipa\system\Common.php(1089): CodeIgniter\View\View->render('PesananList', Array, true)
#4 E:\xampp\htdocs\app_caffe_desipa\app\Controllers\PesananController.php(17): view('PesananList', Array)
#5 E:\xampp\htdocs\app_caffe_desipa\system\CodeIgniter.php(825): App\controllers\PesananController->tampil()
#6 E:\xampp\htdocs\app_caffe_desipa\system\CodeIgniter.php(412): CodeIgniter\CodeIgniter->runController(Object(App\controllers\PesananController))
#7 E:\xampp\htdocs\app_caffe_desipa\system\CodeIgniter.php(320): CodeIgniter\CodeIgniter->handleRequest(NULL, Object(Config\Cache), false)
#8 E:\xampp\htdocs\app_caffe_desipa\public\index.php(37): CodeIgniter\CodeIgniter->run()
#9 {main}
CRITICAL - 2022-02-10 21:20:21 --> Undefined array key "nama"
#0 E:\xampp\htdocs\app_caffe_desipa\app\Views\pesananlist.php(24): CodeIgniter\Debug\Exceptions->errorHandler(2, 'Undefined array...', 'E:\\xampp\\htdocs...', 24)
#1 E:\xampp\htdocs\app_caffe_desipa\system\View\View.php(210): include('E:\\xampp\\htdocs...')
#2 E:\xampp\htdocs\app_caffe_desipa\system\View\View.php(213): CodeIgniter\View\View->CodeIgniter\View\{closure}()
#3 E:\xampp\htdocs\app_caffe_desipa\system\Common.php(1089): CodeIgniter\View\View->render('PesananList', Array, true)
#4 E:\xampp\htdocs\app_caffe_desipa\app\Controllers\PesananController.php(17): view('PesananList', Array)
#5 E:\xampp\htdocs\app_caffe_desipa\system\CodeIgniter.php(825): App\controllers\PesananController->tampil()
#6 E:\xampp\htdocs\app_caffe_desipa\system\CodeIgniter.php(412): CodeIgniter\CodeIgniter->runController(Object(App\controllers\PesananController))
#7 E:\xampp\htdocs\app_caffe_desipa\system\CodeIgniter.php(320): CodeIgniter\CodeIgniter->handleRequest(NULL, Object(Config\Cache), false)
#8 E:\xampp\htdocs\app_caffe_desipa\public\index.php(37): CodeIgniter\CodeIgniter->run()
#9 {main}
CRITICAL - 2022-02-10 21:20:23 --> Undefined array key "nama"
#0 E:\xampp\htdocs\app_caffe_desipa\app\Views\pesananlist.php(24): CodeIgniter\Debug\Exceptions->errorHandler(2, 'Undefined array...', 'E:\\xampp\\htdocs...', 24)
#1 E:\xampp\htdocs\app_caffe_desipa\system\View\View.php(210): include('E:\\xampp\\htdocs...')
#2 E:\xampp\htdocs\app_caffe_desipa\system\View\View.php(213): CodeIgniter\View\View->CodeIgniter\View\{closure}()
#3 E:\xampp\htdocs\app_caffe_desipa\system\Common.php(1089): CodeIgniter\View\View->render('PesananList', Array, true)
#4 E:\xampp\htdocs\app_caffe_desipa\app\Controllers\PesananController.php(17): view('PesananList', Array)
#5 E:\xampp\htdocs\app_caffe_desipa\system\CodeIgniter.php(825): App\controllers\PesananController->tampil()
#6 E:\xampp\htdocs\app_caffe_desipa\system\CodeIgniter.php(412): CodeIgniter\CodeIgniter->runController(Object(App\controllers\PesananController))
#7 E:\xampp\htdocs\app_caffe_desipa\system\CodeIgniter.php(320): CodeIgniter\CodeIgniter->handleRequest(NULL, Object(Config\Cache), false)
#8 E:\xampp\htdocs\app_caffe_desipa\public\index.php(37): CodeIgniter\CodeIgniter->run()
#9 {main}
CRITICAL - 2022-02-10 21:23:19 --> Undefined array key "nama"
#0 E:\xampp\htdocs\app_caffe_desipa\app\Views\pesananlist.php(24): CodeIgniter\Debug\Exceptions->errorHandler(2, 'Undefined array...', 'E:\\xampp\\htdocs...', 24)
#1 E:\xampp\htdocs\app_caffe_desipa\system\View\View.php(210): include('E:\\xampp\\htdocs...')
#2 E:\xampp\htdocs\app_caffe_desipa\system\View\View.php(213): CodeIgniter\View\View->CodeIgniter\View\{closure}()
#3 E:\xampp\htdocs\app_caffe_desipa\system\Common.php(1089): CodeIgniter\View\View->render('PesananList', Array, true)
#4 E:\xampp\htdocs\app_caffe_desipa\app\Controllers\PesananController.php(17): view('PesananList', Array)
#5 E:\xampp\htdocs\app_caffe_desipa\system\CodeIgniter.php(825): App\controllers\PesananController->tampil()
#6 E:\xampp\htdocs\app_caffe_desipa\system\CodeIgniter.php(412): CodeIgniter\CodeIgniter->runController(Object(App\controllers\PesananController))
#7 E:\xampp\htdocs\app_caffe_desipa\system\CodeIgniter.php(320): CodeIgniter\CodeIgniter->handleRequest(NULL, Object(Config\Cache), false)
#8 E:\xampp\htdocs\app_caffe_desipa\public\index.php(37): CodeIgniter\CodeIgniter->run()
#9 {main}
CRITICAL - 2022-02-10 21:23:22 --> Undefined array key "nama"
#0 E:\xampp\htdocs\app_caffe_desipa\app\Views\pesananlist.php(24): CodeIgniter\Debug\Exceptions->errorHandler(2, 'Undefined array...', 'E:\\xampp\\htdocs...', 24)
#1 E:\xampp\htdocs\app_caffe_desipa\system\View\View.php(210): include('E:\\xampp\\htdocs...')
#2 E:\xampp\htdocs\app_caffe_desipa\system\View\View.php(213): CodeIgniter\View\View->CodeIgniter\View\{closure}()
#3 E:\xampp\htdocs\app_caffe_desipa\system\Common.php(1089): CodeIgniter\View\View->render('PesananList', Array, true)
#4 E:\xampp\htdocs\app_caffe_desipa\app\Controllers\PesananController.php(17): view('PesananList', Array)
#5 E:\xampp\htdocs\app_caffe_desipa\system\CodeIgniter.php(825): App\controllers\PesananController->tampil()
#6 E:\xampp\htdocs\app_caffe_desipa\system\CodeIgniter.php(412): CodeIgniter\CodeIgniter->runController(Object(App\controllers\PesananController))
#7 E:\xampp\htdocs\app_caffe_desipa\system\CodeIgniter.php(320): CodeIgniter\CodeIgniter->handleRequest(NULL, Object(Config\Cache), false)
#8 E:\xampp\htdocs\app_caffe_desipa\public\index.php(37): CodeIgniter\CodeIgniter->run()
#9 {main}
