CRITICAL - 2022-01-27 21:25:37 --> Invalid file: layouts/components/sidebar.php
#0 E:\xampp\htdocs\app_caffe_desipa\system\View\View.php(198): CodeIgniter\Exceptions\FrameworkException::forInvalidFile('layouts/compone...')
#1 E:\xampp\htdocs\app_caffe_desipa\system\View\View.php(424): CodeIgniter\View\View->render('layouts/compone...', NULL, true)
#2 E:\xampp\htdocs\app_caffe_desipa\app\Views\layouts\admin.php(24): CodeIgniter\View\View->include('layouts/compone...')
#3 E:\xampp\htdocs\app_caffe_desipa\system\View\View.php(210): include('E:\\xampp\\htdocs...')
#4 E:\xampp\htdocs\app_caffe_desipa\system\View\View.php(213): CodeIgniter\View\View->CodeIgniter\View\{closure}()
#5 E:\xampp\htdocs\app_caffe_desipa\system\View\View.php(226): CodeIgniter\View\View->render('layouts/admin', Array, true)
#6 E:\xampp\htdocs\app_caffe_desipa\system\Common.php(1089): CodeIgniter\View\View->render('dashboard', Array, true)
#7 E:\xampp\htdocs\app_caffe_desipa\app\Controllers\Home.php(13): view('dashboard')
#8 E:\xampp\htdocs\app_caffe_desipa\system\CodeIgniter.php(825): App\Controllers\Home->dashboard()
#9 E:\xampp\htdocs\app_caffe_desipa\system\CodeIgniter.php(412): CodeIgniter\CodeIgniter->runController(Object(App\Controllers\Home))
#10 E:\xampp\htdocs\app_caffe_desipa\system\CodeIgniter.php(320): CodeIgniter\CodeIgniter->handleRequest(NULL, Object(Config\Cache), false)
#11 E:\xampp\htdocs\app_caffe_desipa\public\index.php(37): CodeIgniter\CodeIgniter->run()
#12 {main}
CRITICAL - 2022-01-27 21:34:52 --> Invalid file: layouts/components/sidebar.php
#0 E:\xampp\htdocs\app_caffe_desipa\system\View\View.php(198): CodeIgniter\Exceptions\FrameworkException::forInvalidFile('layouts/compone...')
#1 E:\xampp\htdocs\app_caffe_desipa\system\View\View.php(424): CodeIgniter\View\View->render('layouts/compone...', NULL, true)
#2 E:\xampp\htdocs\app_caffe_desipa\app\Views\layouts\admin.php(24): CodeIgniter\View\View->include('layouts/compone...')
#3 E:\xampp\htdocs\app_caffe_desipa\system\View\View.php(210): include('E:\\xampp\\htdocs...')
#4 E:\xampp\htdocs\app_caffe_desipa\system\View\View.php(213): CodeIgniter\View\View->CodeIgniter\View\{closure}()
#5 E:\xampp\htdocs\app_caffe_desipa\system\View\View.php(226): CodeIgniter\View\View->render('layouts/admin', Array, true)
#6 E:\xampp\htdocs\app_caffe_desipa\system\Common.php(1089): CodeIgniter\View\View->render('dashboard', Array, true)
#7 E:\xampp\htdocs\app_caffe_desipa\app\Controllers\Home.php(13): view('dashboard')
#8 E:\xampp\htdocs\app_caffe_desipa\system\CodeIgniter.php(825): App\Controllers\Home->dashboard()
#9 E:\xampp\htdocs\app_caffe_desipa\system\CodeIgniter.php(412): CodeIgniter\CodeIgniter->runController(Object(App\Controllers\Home))
#10 E:\xampp\htdocs\app_caffe_desipa\system\CodeIgniter.php(320): CodeIgniter\CodeIgniter->handleRequest(NULL, Object(Config\Cache), false)
#11 E:\xampp\htdocs\app_caffe_desipa\public\index.php(37): CodeIgniter\CodeIgniter->run()
#12 {main}
CRITICAL - 2022-01-27 21:34:54 --> Invalid file: layouts/components/sidebar.php
#0 E:\xampp\htdocs\app_caffe_desipa\system\View\View.php(198): CodeIgniter\Exceptions\FrameworkException::forInvalidFile('layouts/compone...')
#1 E:\xampp\htdocs\app_caffe_desipa\system\View\View.php(424): CodeIgniter\View\View->render('layouts/compone...', NULL, true)
#2 E:\xampp\htdocs\app_caffe_desipa\app\Views\layouts\admin.php(24): CodeIgniter\View\View->include('layouts/compone...')
#3 E:\xampp\htdocs\app_caffe_desipa\system\View\View.php(210): include('E:\\xampp\\htdocs...')
#4 E:\xampp\htdocs\app_caffe_desipa\system\View\View.php(213): CodeIgniter\View\View->CodeIgniter\View\{closure}()
#5 E:\xampp\htdocs\app_caffe_desipa\system\View\View.php(226): CodeIgniter\View\View->render('layouts/admin', Array, true)
#6 E:\xampp\htdocs\app_caffe_desipa\system\Common.php(1089): CodeIgniter\View\View->render('dashboard', Array, true)
#7 E:\xampp\htdocs\app_caffe_desipa\app\Controllers\Home.php(13): view('dashboard')
#8 E:\xampp\htdocs\app_caffe_desipa\system\CodeIgniter.php(825): App\Controllers\Home->dashboard()
#9 E:\xampp\htdocs\app_caffe_desipa\system\CodeIgniter.php(412): CodeIgniter\CodeIgniter->runController(Object(App\Controllers\Home))
#10 E:\xampp\htdocs\app_caffe_desipa\system\CodeIgniter.php(320): CodeIgniter\CodeIgniter->handleRequest(NULL, Object(Config\Cache), false)
#11 E:\xampp\htdocs\app_caffe_desipa\public\index.php(37): CodeIgniter\CodeIgniter->run()
#12 {main}
CRITICAL - 2022-01-27 21:35:27 --> Call to undefined function user()
#0 E:\xampp\htdocs\app_caffe_desipa\system\View\View.php(210): include()
#1 E:\xampp\htdocs\app_caffe_desipa\system\View\View.php(213): CodeIgniter\View\View->CodeIgniter\View\{closure}()
#2 E:\xampp\htdocs\app_caffe_desipa\system\View\View.php(424): CodeIgniter\View\View->render('layouts/compone...', NULL, true)
#3 E:\xampp\htdocs\app_caffe_desipa\app\Views\layouts\admin.php(31): CodeIgniter\View\View->include('layouts/compone...')
#4 E:\xampp\htdocs\app_caffe_desipa\system\View\View.php(210): include('E:\\xampp\\htdocs...')
#5 E:\xampp\htdocs\app_caffe_desipa\system\View\View.php(213): CodeIgniter\View\View->CodeIgniter\View\{closure}()
#6 E:\xampp\htdocs\app_caffe_desipa\system\View\View.php(226): CodeIgniter\View\View->render('layouts/admin', Array, true)
#7 E:\xampp\htdocs\app_caffe_desipa\system\Common.php(1089): CodeIgniter\View\View->render('dashboard', Array, true)
#8 E:\xampp\htdocs\app_caffe_desipa\app\Controllers\Home.php(13): view('dashboard')
#9 E:\xampp\htdocs\app_caffe_desipa\system\CodeIgniter.php(825): App\Controllers\Home->dashboard()
#10 E:\xampp\htdocs\app_caffe_desipa\system\CodeIgniter.php(412): CodeIgniter\CodeIgniter->runController(Object(App\Controllers\Home))
#11 E:\xampp\htdocs\app_caffe_desipa\system\CodeIgniter.php(320): CodeIgniter\CodeIgniter->handleRequest(NULL, Object(Config\Cache), false)
#12 E:\xampp\htdocs\app_caffe_desipa\public\index.php(37): CodeIgniter\CodeIgniter->run()
#13 {main}
ERROR - 2022-01-27 21:55:01 --> Error connecting to the database: Access denied for user ''@'localhost' (using password: NO)
ERROR - 2022-01-27 23:05:08 --> Error connecting to the database: Access denied for user ''@'localhost' (using password: NO)
